<?xml version="1.0" encoding="UTF-8"?>
<testng-results ignored="0" total="0" passed="0" failed="0" skipped="0">
  <reporter-output>
  </reporter-output>
  <suite started-at="2022-07-26T00:54:45 EDT" name="com.att.qa.test.homePage.TestDeals" finished-at="2022-07-26T00:54:45 EDT" duration-ms="8">
    <groups>
    </groups>
    <test started-at="2022-07-26T00:54:45 EDT" name="Command line test" finished-at="2022-07-26T00:54:45 EDT" duration-ms="8">
    </test> <!-- Command line test -->
  </suite> <!-- com.att.qa.test.homePage.TestDeals -->
</testng-results>
